<?xml version="1.0" encoding="UTF-8"?>
<testsuite xmlns:xsi="http://www.w3.org/2001/XMLSchema-instance" xsi:noNamespaceSchemaLocation="https://maven.apache.org/surefire/maven-surefire-plugin/xsd/surefire-test-report.xsd" version="3.0.2" name="com.parkit.parkingsystem.integration.constants.ParkingTypeTest" time="0.011" tests="2" errors="0" skipped="0" failures="0">
  <properties>
[...]
</properties>
  <testcase name="parkingType_valueOf_shouldWork" classname="com.parkit.parkingsystem.integration.constants.ParkingTypeTest" time="0.003"/>
  <testcase name="parkingType_shouldContainExpectedValues" classname="com.parkit.parkingsystem.integration.constants.ParkingTypeTest" time="0.002"/>
</testsuite>